<?xml version="1.0" encoding="UTF-8"?>
<testng-results skipped="0" failed="0" total="1" passed="1">
  <reporter-output>
  </reporter-output>
  <suite name="Suite" duration-ms="7221" started-at="2020-04-26T09:10:36Z" finished-at="2020-04-26T09:10:43Z">
    <groups>
      <group name="cucumber">
        <method signature="AbstractTestNGCucumberTests.run_cukes()[pri:0, instance:com.automation.CukesRunnerTest@97e1986]" name="run_cukes" class="cucumber.api.testng.AbstractTestNGCucumberTests"/>
      </group> <!-- cucumber -->
    </groups>
    <test name="Test diary" duration-ms="7221" started-at="2020-04-26T09:10:36Z" finished-at="2020-04-26T09:10:43Z">
      <class name="com.automation.CukesRunnerTest">
        <test-method status="PASS" signature="run_cukes()[pri:0, instance:com.automation.CukesRunnerTest@97e1986]" name="run_cukes" duration-ms="7213" started-at="2020-04-26T14:40:36Z" description="Runs Cucumber Features" finished-at="2020-04-26T14:40:43Z">
          <reporter-output>
          </reporter-output>
        </test-method> <!-- run_cukes -->
      </class> <!-- com.automation.CukesRunnerTest -->
    </test> <!-- Test diary -->
  </suite> <!-- Suite -->
</testng-results>
